BREAST CANCER TYPE 2 SUSCEPTIBILITY HOMOLOG FANCONI ANEMIA GROUP D1 HOMOLOG (description score = 75)
ENSEMBLPEP ENSTNIP00000002435 (Tetraodon nigroviridis)
ENSEMBLPEP ENSTNIP00000019355 (Tetraodon nigroviridis)
ENSEMBLPEP ENSPVAP00000000225 (Pteropus vampyrus)
ENSEMBLPEP ENSTRUP00000015030 (Takifugu rubripes)
ENSEMBLPEP ENSCPOP00000004635 (Cavia porcellus)
ENSEMBLPEP ENSGACP00000015199 (Gasterosteus aculeatus)
ENSEMBLPEP ENSMICP00000010933 (Microcebus murinus)
ENSEMBLPEP ENSDORP00000006609 (Dipodomys ordii)
ENSEMBLPEP ENSSARP00000002541 (Sorex araneus)
ENSEMBLPEP ENSMMUP00000009432 (Macaca mulatta)
ENSEMBLPEP ENSCHOP00000007822 (Choloepus hoffmanni)
ENSEMBLPEP ENSMEUP00000009812 (Macropus eugenii)
ENSEMBLPEP ENSMLUP00000012516 (Myotis lucifugus)
ENSEMBLPEP ENSBTAP00000001311 (Bos taurus)
ENSEMBLPEP ENSAMEP00000009909 (Ailuropoda melanoleuca)
ENSEMBLPEP ENSLAFP00000026160 (Loxodonta africana)
ENSEMBLPEP ENSLAFP00000002234 (Loxodonta africana)
ENSEMBLPEP ENSLAFP00000016043 (Loxodonta africana)
ENSEMBLPEP ENSOGAP00000009477 (Otolemur garnettii)
ENSEMBLPEP ENSSHAP00000012162 (Sarcophilus harrisii)
ENSEMBLPEP ENSGGOP00000027226 (Gorilla gorilla gorilla)
ENSEMBLPEP ENSGGOP00000015446 (Gorilla gorilla gorilla)
ENSEMBLPEP ENSGMOP00000010385 (Gadus morhua)
ENSEMBLPEP ENSTGUP00000012130 (Taeniopygia guttata)
ENSEMBLPEP ENSONIP00000006940 (Oreochromis niloticus)
ENSEMBLPEP ENSSTOP00000004979 (Ictidomys tridecemlineatus)
ENSEMBLPEP ENSCAFP00000009557 (Canis lupus familiaris)
ENSEMBLPEP ENSOANP00000032170 (Ornithorhynchus anatinus)
ENSEMBLPEP ENSMODP00000033276 (Monodelphis domestica)
ENSEMBLPEP ENSPPYP00000005997 (Pongo abelii)
ENSEMBLPEP ENSOANP00000024376 (Ornithorhynchus anatinus)
ENSEMBLPEP ENSOANP00000024378 (Ornithorhynchus anatinus)
ENSEMBLPEP ENSMPUP00000001928 (Mustela putorius furo)
ENSEMBLPEP ENSLACP00000008815 (Latimeria chalumnae)
ENSEMBLPEP ENSFCAP00000019777 (Felis catus)
ENSEMBLPEP ENSECAP00000013146 (Equus caballus)
ENSEMBLPEP ENSECAP00000013360 (Equus caballus)
ENSEMBLPEP ENSNLEP00000001277 (Nomascus leucogenys)
ENSEMBLPEP ENSPTRP00000009812 (Pan troglodytes)
ENSEMBLPEP ENSACAP00000004459 (Anolis carolinensis)
ENSEMBLPEP ENSXMAP00000006983 (Xiphophorus maculatus)
ENSEMBLPEP ENSXETP00000060681 (Xenopus tropicalis)
ENSEMBLPEP ENSXETP00000037057 (Xenopus tropicalis)
ENSEMBLPEP ENSPCAP00000000440 (Procavia capensis)
ENSEMBLPEP ENSTTRP00000010004 (Tursiops truncatus)
ENSEMBLPEP ENSTBEP00000013856 (Tupaia belangeri)
ENSEMBLPEP ENSVPAP00000000821 (Vicugna pacos)
ENSEMBLPEP ENSTSYP00000000441 (Tarsius syrichta)
ENSEMBLPEP ENSOPRP00000014082 (Ochotona princeps)
ENSEMBLPEP ENSEEUP00000008968 (Erinaceus europaeus)
ENSEMBLPEP ENSETEP00000003277 (Echinops telfairi)
ENSEMBLPEP ENSAPLP00000007411 (Anas platyrhynchos)
ENSEMBLPEP ENSOCUP00000014514 (Oryctolagus cuniculus)
ENSEMBLPEP ENSFALP00000008821 (Ficedula albicollis)
ENSEMBLPEP ENSGALP00000027524 (Gallus gallus)
ENSEMBLPEP ENSLOCP00000009962 (Lepisosteus oculatus)
ENSEMBLPEP ENSLOCP00000009972 (Lepisosteus oculatus)
ENSEMBLPEP ENSDNOP00000034947 (Dasypus novemcinctus)
ENSEMBLPEP ENSAMXP00000013440 (Astyanax mexicanus)
ENSEMBLPEP ENSOARP00000011988 (Ovis aries)
ENSEMBLPEP ENSOARP00000011990 (Ovis aries)
ENSEMBLPEP ENSPSIP00000012858 (Pelodiscus sinensis)
ENSEMBLPEP ENSSSCP00000022872 (Sus scrofa)
ENSEMBLPEP ENSSSCP00000028073 (Sus scrofa)
ENSEMBLPEP ENSCJAP00000034250 (Callithrix jacchus)
ENSEMBLPEP ENSDARP00000099674 (Danio rerio)
ENSEMBLPEP ENSMGAP00000015990 (Meleagris gallopavo)
ENSEMBLPEP ENSPANP00000002726 (Papio anubis)
ENSEMBLPEP ENSCSAP00000013938 (Chlorocebus sabaeus)
ENSEMBLPEP ENSPFOP00000001575 (Poecilia formosa)
ENSEMBLPEP ENSPFOP00000024049 (Poecilia formosa)
ENSEMBLPEP ENSRNOP00000001475 (Rattus norvegicus)
ENSEMBLPEP ENSP00000369497 (Homo sapiens)
ENSEMBLPEP ENSP00000439902 (Homo sapiens)
ENSEMBLPEP ENSP00000434898 (Homo sapiens)
ENSEMBLPEP ENSMUSP00000038576 (Mus musculus)
ENSEMBLPEP LRG_293p1 (Homo sapiens)
Uniprot/SPTREMBL A1YBP1 (Homo sapiens)
Uniprot/SPTREMBL S9X1Y4 (Camelus ferus)
Uniprot/SPTREMBL G5CWS6 (Orycteropus afer)
Uniprot/SPTREMBL G5CWP7 (Tachyglossus aculeatus)
Uniprot/SPTREMBL G5CWZ7 (Artibeus jamaicensis)
Uniprot/SPTREMBL L5LT98 (Myotis davidii)
Uniprot/SPTREMBL G5CWQ0 (Glironia venusta)
Uniprot/SPTREMBL K7C640 (Pan troglodytes)
Uniprot/SPTREMBL G5CWQ7 (Echymipera kalubu)
Uniprot/SPTREMBL G5CWT5 (Myrmecophaga tridactyla)
Uniprot/SPTREMBL G5CWT4 (Bradypus tridactylus)
Uniprot/SPTREMBL Q95143 (Chlorocebus aethiops)
Uniprot/SPTREMBL G5CWX3 (Genetta genetta)
Uniprot/SPTREMBL G5CWS2 (Amblysomus hottentotus)
Uniprot/SPTREMBL G5CWZ4 (Noctilio albiventris)
Uniprot/SPTREMBL M1EDK9 (Mustela putorius furo)
Uniprot/SPTREMBL G5CWS0 (Myrmecobius fasciatus)
Uniprot/SPTREMBL M1EDK6 (Mustela putorius furo)
Uniprot/SPTREMBL G5CX09 (Talpa altaica)
Uniprot/SPTREMBL G5CWZ1 (Myzopoda aurita)
Uniprot/SPTREMBL Q33DR6 (Canis lupus familiaris)
Uniprot/SPTREMBL G5CWW3 (Crocuta crocuta)
Uniprot/SPTREMBL G5CWZ5 (Nycteris thebaica)
Uniprot/SPTREMBL G5CX13 (Tupaia minor)
Uniprot/SPTREMBL G5CWU2 (Moschus sp. RWM-2011)
Uniprot/SPTREMBL G5CWQ1 (Dromiciops gliroides)
Uniprot/SPTREMBL G5CX14 (Ateles fusciceps)
Uniprot/SPTREMBL G5CWU5 (Tragulus napu)
Uniprot/SPTREMBL M1EF00 (Mustela putorius furo)
Uniprot/SPTREMBL G5CWT0 (Trichechus manatus)
Uniprot/SPTREMBL G5CWY1 (Furipterus horrens)
Uniprot/SPTREMBL G5CWW6 (Nandinia binotata)
Uniprot/SPTREMBL G5CWT7 (Antilocapra americana)
Uniprot/SPTREMBL G5CX22 (Nycticebus coucang)
Uniprot/SPTREMBL G5CX16 (Cebus albifrons)
Uniprot/SPTREMBL G5CWW8 (Odobenus rosmarus)
Uniprot/SPTREMBL G5CWX9 (Furipterus horrens)
Uniprot/SPTREMBL G5CWY7 (Pteronotus parnellii)
Uniprot/SPTREMBL G5CWP8 (Didelphis virginiana)
Uniprot/SPTREMBL G5CWW7 (Nandinia binotata)
Uniprot/SPTREMBL G5CWQ6 (Macrotis lagotis)
Uniprot/SPTREMBL G5CWZ3 (Noctilio albiventris)
Uniprot/SPTREMBL G5CWV2 (Inia geoffrensis)
Uniprot/SPTREMBL G5CWQ4 (Rhyncholestes raphanurus)
Uniprot/SPTREMBL G5CWR6 (Pseudochirops cupreus)
Uniprot/SPTREMBL G5CWZ0 (Myzopoda aurita)
Uniprot/SPTREMBL G5CWX7 (Craseonycteris thonglongyai)
Uniprot/SPTREMBL G5CWQ2 (Notoryctes typhlops)
Uniprot/SPTREMBL G5CWS3 (Chrysochloris asiatica)
Uniprot/SPTREMBL G5CX20 (Propithecus verreauxi)
Uniprot/SPTREMBL G5CX12 (Ptilocercus lowii)
Uniprot/SPTREMBL G5CWV9 (Prionodon linsang)
Uniprot/SPTREMBL G5CWQ8 (Acrobates pygmaeus)
Uniprot/SPTREMBL G5CWV1 (Mesoplodon bidens)
Uniprot/SPTREMBL G5CWP9 (Caluromys philander)
Uniprot/SPTREMBL G5CWZ2 (Natalus stramineus)
Uniprot/SPTREMBL G5CWU4 (Pecari tajacu)
Uniprot/SPTREMBL G5CWV7 (Platanista minor)
Uniprot/SPTREMBL G5CWX6 (Craseonycteris thonglongyai)
Uniprot/SPTREMBL G5CWS7 (Heterohyrax brucei)
Uniprot/SPTREMBL G5CWW0 (Ailurus fulgens)
Uniprot/SPTREMBL G7PVZ4 (Macaca fascicularis)
Uniprot/SPTREMBL G5CWR9 (Dasyurus albopunctatus)
Uniprot/SPTREMBL I0IV83 (Canis lupus familiaris)
Uniprot/SPTREMBL G5CWR4 (Aepyprymnus rufescens)
Uniprot/SPTREMBL G5CX18 (Daubentonia madagascariensis)
Uniprot/SPTREMBL G5CWR1 (Petaurus breviceps)
Uniprot/SPTREMBL S7PZ47 (Myotis brandtii)
Uniprot/SPTREMBL Q4R482 (Macaca fascicularis)
Uniprot/SPTREMBL G5CX07 (Solenodon paradoxus)
Uniprot/SPTREMBL G5CWY4 (Miniopterus manavi)
Uniprot/SPTREMBL G5CWQ5 (Isoodon macrourus)
Uniprot/SPTREMBL G5CWY2 (Hipposideros commersoni)
Uniprot/SPTREMBL G5CWY0 (Furipterus horrens)
Uniprot/SPTREMBL G5CWS5 (Rhynchocyon petersi)
Uniprot/SPTREMBL I0IV85 (Canis lupus familiaris)
Uniprot/SPTREMBL M1EGQ8 (Mustela putorius furo)
Uniprot/SPTREMBL G5CWQ9 (Cercartetus nanus)
Uniprot/SPTREMBL G5CWR5 (Hypsiprymnodon moschatus)
Uniprot/SPTREMBL G5CWR7 (Tarsipes rostratus)
Uniprot/SPTREMBL L9JDB5 (Tupaia chinensis)
Uniprot/SPTREMBL S9X4J7 (Camelus ferus)
Uniprot/SPTREMBL G5CWX0 (Phoca vitulina)
Uniprot/SPTREMBL G5CWW1 (Fossa fossana)
Uniprot/SPTREMBL A4ZZ89 (Monodelphis domestica)
Uniprot/SPTREMBL G5CWU1 (Hexaprotodon liberiensis)
Uniprot/SPTREMBL G5CWV8 (Pontoporia blainvillei)
Uniprot/SPTREMBL G5CX01 (Thyroptera tricolor)
Uniprot/SPTREMBL G5CX02 (Cynocephalus volans)
Uniprot/SPTREMBL G5CWS4 (Elephantulus rufescens)
Uniprot/SPTREMBL G5CWW4 (Mephitis mephitis)
Uniprot/SPTREMBL G5CWX5 (Manis tricuspis)
Uniprot/SPTREMBL G5CWV0 (Eschrichtius robustus)
Uniprot/SPTREMBL G5CWY5 (Miniopterus manavi)
Uniprot/SPTREMBL G5CWX1 (Procyon lotor)
Uniprot/SPTREMBL G5CWR3 (Phascolarctos cinereus)
Uniprot/SPTREMBL G5CX06 (Podogymnura truei)
Uniprot/SPTREMBL G5CX00 (Rhinopoma hardwickii)
Uniprot/SPTREMBL M1EG61 (Mustela putorius furo)
Uniprot/SPTREMBL G5CWW9 (Arctocephalus forsteri)
Uniprot/SPTREMBL G5CWT9 (Cervus nippon taiouanus)
Uniprot/SPTREMBL G5CX03 (Galeopterus variegatus)
Uniprot/SPTREMBL G5CWQ3 (Caenolestes fuliginosus)
Uniprot/SPTREMBL G5CWU0 (Okapia johnstoni)
Uniprot/SPTREMBL G5CWZ8 (Nyctimene albiventer)
Uniprot/SPTREMBL G5CWV6 (Physeter catodon)
Uniprot/SPTREMBL G5CWU8 (Caperea marginata)
Uniprot/SPTREMBL G5CWX4 (Manis pentadactyla)
Uniprot/SPTREMBL G5CWT1 (Elephas maximus)
Uniprot/SPTREMBL M1EK51 (Mustela putorius furo)
Uniprot/SPTREMBL G5CWV4 (Phocoena phocoena)
Uniprot/SPTREMBL G5CWV3 (Delphinapterus leucas)
Uniprot/SPTREMBL L5KEV4 (Pteropus alecto)
Uniprot/SPTREMBL G5CWY3 (Megaderma lyra)
Uniprot/SPTREMBL G5CX10 (Ceratotherium simum)
Uniprot/SPTREMBL Q8MKI9 (Canis lupus familiaris)
Uniprot/SPTREMBL G5CWR8 (Vombatus ursinus)
Uniprot/SPTREMBL G5CX11 (Tapirus indicus)
Uniprot/SPTREMBL G5CWT6 (Cyclopes didactylus)
Uniprot/SPTREMBL G5CWY6 (Tadarida brasiliensis)
Uniprot/SPTREMBL G5CWV5 (Kogia breviceps)
Uniprot/SPTREMBL G5CWS9 (Dugong dugon)
Uniprot/SPTREMBL G5CWW5 (Meles meles)
Uniprot/SPTREMBL G5CWU9 (Eubalaena australis)
Uniprot/SPTREMBL U6DCD1 (Neovison vison)
Uniprot/SPTREMBL G5CWX8 (Saccopteryx bilineata)
Uniprot/SPTREMBL G5CWY9 (Myzopoda aurita)
Uniprot/SPTREMBL G5CWU6 (Megaptera novaeangliae)
Uniprot/SPTREMBL G5CWZ6 (Nycteris thebaica)
Uniprot/SPTREMBL G5CWY8 (Mystacina tuberculata)
Uniprot/SPTREMBL G5CWZ9 (Rhinolophus creaghi)
Uniprot/SPTREMBL G5CWW2 (Suricata suricatta)
Uniprot/SPTREMBL G5CWT8 (Lama glama)
Uniprot/SPTREMBL G5CX21 (Lemur catta)
Uniprot/SPTREMBL G5CWR2 (Trichosurus vulpecula)
Uniprot/SPTREMBL A5JSV3 (Tetraodon nigroviridis)
Uniprot/SPTREMBL A4ZZ90 (Xenopus tropicalis)
Uniprot/SPTREMBL Q8QFV6 (Gallus gallus)
Uniprot/SPTREMBL M7BD34 (Chelonia mydas)
Uniprot/SPTREMBL B6V3M4 (Oreochromis niloticus)
Uniprot/SPTREMBL A8QLH9 (Danio rerio)
Uniprot/SPTREMBL B7ZVU5 (Danio rerio)
Uniprot/SPTREMBL V8P1I7 (Ophiophagus hannah)
Uniprot/SPTREMBL A0A060Y4H5 (Oncorhynchus mykiss)
Uniprot/SPTREMBL G5CX54 (Laonastes aenigmamus)
Uniprot/SPTREMBL Q3TN53 (Mus musculus)
Uniprot/SPTREMBL G5CX58 (Petromyscus sp. RWM-2011)
Uniprot/SPTREMBL G5CX27 (Anomalurus beecrofti)
Uniprot/SPTREMBL G5CX56 (Laonastes aenigmamus)
Uniprot/SPTREMBL G5CX49 (Octodontomys gliroides)
Uniprot/SPTREMBL G3HM86 (Cricetulus griseus)
Uniprot/SPTREMBL G5CX32 (Castor canadensis)
Uniprot/SPTREMBL Q4PR36 (Cricetulus griseus)
Uniprot/SPTREMBL G5CX39 (Dinomys branickii)
Uniprot/SPTREMBL G5CX52 (Petromus typicus)
Uniprot/SPTREMBL G5CX36 (Ctenodactylus gundi)
Uniprot/SPTREMBL G5CX40 (Jaculus jaculus)
Uniprot/SPTREMBL Q8UW79 (Gallus gallus)
Uniprot/SPTREMBL G5CX59 (Petromyscus sp. RWM-2011)
Uniprot/SPTREMBL G5CX53 (Thryonomys swinderianus)
Uniprot/SPTREMBL P70098 (Cricetulus griseus)
Uniprot/SPTREMBL G5CX51 (Pedetes capensis)
Uniprot/SPTREMBL G5CX33 (Chinchilla lanigera)
Uniprot/SPTREMBL G5CX50 (Pedetes capensis)
Uniprot/SPTREMBL G5CX34 (Cricetulus griseus)
Uniprot/SPTREMBL G5CX37 (Ctenomys boliviensis)
Uniprot/SPTREMBL Q6PB43 (Mus musculus)
Uniprot/SPTREMBL G5CX46 (Hydrochoerus hydrochaeris)
Uniprot/SPTREMBL G5CX26 (Cuniculus taczanowskii)
Uniprot/SPTREMBL G5CX45 (Dipodomys heermanni)
Uniprot/SPTREMBL G5CX25 (Abrocoma bennettii)
Uniprot/SPTREMBL G5CX48 (Graphiurus murinus)
Uniprot/SPTREMBL G5CX44 (Cratogeomys castanops)
Uniprot/SPTREMBL G5CX38 (Dasyprocta punctata)
Uniprot/SPTREMBL G5CX29 (Heterocephalus glaber)
Uniprot/SPTREMBL G5CX57 (Nannospalax ehrenbergi)
Uniprot/SPTREMBL G5CX31 (Myocastor coypus)
Uniprot/SPTREMBL G5CX41 (Hoplomys gymnurus)
Uniprot/SPTREMBL G5CX28 (Aplodontia rufa)
Uniprot/SPTREMBL Q8R4X4 (Cricetulus griseus)
Uniprot/SPTREMBL A0A061I0Y8 (Cricetulus griseus)
Uniprot/SPTREMBL G3HM85 (Cricetulus griseus)
Uniprot/SPTREMBL G5CX47 (Hystrix brachyurus)
Uniprot/SPTREMBL G5CX30 (Capromys pilorides)
Uniprot/SPTREMBL G5CX43 (Cratogeomys castanops)
Uniprot/SPTREMBL Q9EPU1 (Rattus norvegicus)
Uniprot/SPTREMBL G5CX42 (Erethizon dorsatum)
Uniprot/SPTREMBL A0A061I293 (Cricetulus griseus)
Uniprot/SPTREMBL G5CX35 (Cricetulus griseus)
Uniprot/SPTREMBL A0A061I4Q1 (Cricetulus griseus)
Uniprot/SPTREMBL G5B7X6 (Heterocephalus glaber)
Uniprot/SPTREMBL A0A075APB9 (Rozella allomycis CSF55)
Uniprot/SPTREMBL W4XGV6 (Strongylocentrotus purpuratus)
Uniprot/SPTREMBL X1XML6 (Acyrthosiphon pisum)
Uniprot/SPTREMBL W4Z4A8 (Strongylocentrotus purpuratus)
Uniprot/SPTREMBL G6DCM7 (Danaus plexippus)
Uniprot/SPTREMBL H9KIX7 (Apis mellifera)
Uniprot/SPTREMBL D6WEG4 (Tribolium castaneum)
Uniprot/SPTREMBL N6TUK9 (Dendroctonus ponderosae)
Uniprot/SPTREMBL K1RH48 (Crassostrea gigas)
Uniprot/SPTREMBL Q16FF5 (Aedes aegypti)
Uniprot/SPTREMBL A5A3F7 (Strongylocentrotus purpuratus)
Uniprot/SPTREMBL T1HCP8 (Rhodnius prolixus)
Uniprot/SPTREMBL T1FTR6 (Helobdella robusta)
Uniprot/SPTREMBL B0X0D2 (Culex quinquefasciatus)
Uniprot/SPTREMBL A0A026W4Z4 (Cerapachys biroi)
Uniprot/SPTREMBL A0A067QRH9 (Zootermopsis nevadensis)
Uniprot/SPTREMBL E5SA16 (Trichinella spiralis)
Uniprot/SPTREMBL E2BM50 (Harpegnathos saltator)
Uniprot/SPTREMBL R7TCX8 (Capitella teleta)
Uniprot/SPTREMBL E0W1Z3 (Pediculus humanus corporis)
Uniprot/SPTREMBL W4YCF6 (Strongylocentrotus purpuratus)
Uniprot/SPTREMBL F4WV33 (Acromyrmex echinatior)
Uniprot/SPTREMBL E2A3F8 (Camponotus floridanus)
Uniprot/SPTREMBL A7SNN6 (Nematostella vectensis)
Uniprot/SPTREMBL F4NS03 (Batrachochytrium dendrobatidis JAM81)
Uniprot/SPTREMBL B7PB26 (Ixodes scapularis)
Uniprot/SPTREMBL Q16TT4 (Aedes aegypti)
Uniprot/SPTREMBL T2MFA1 (Hydra vulgaris)
Uniprot/SPTREMBL U9T4J6 (Rhizophagus irregularis DAOM 181602)
Uniprot/SPTREMBL H9JPA5 (Bombyx mori)
Uniprot/SPTREMBL E9GFR3 (Daphnia pulex)
Uniprot/SPTREMBL E9CAL7 (Capsaspora owczarzaki ATCC 30864)
Uniprot/SPTREMBL K7JTG8 (Nasonia vitripennis)
Uniprot/SPTREMBL J9K360 (Acyrthosiphon pisum)
Uniprot/SPTREMBL W4X6Y2 (Atta cephalotes)
Uniprot/SPTREMBL E0W1Z1 (Pediculus humanus corporis)
Uniprot/SPTREMBL I1EK07 (Amphimedon queenslandica)
Uniprot/SPTREMBL T1IU58 (Strigamia maritima)
Uniprot/SWISSPROT P97929 (Mus musculus)
Uniprot/SWISSPROT Q864S8 (Felis catus)
Uniprot/SWISSPROT O35923 (Rattus norvegicus)
Uniprot/SWISSPROT P51587 (Homo sapiens)

UNKNOWN (description score = 0)
ENSEMBLPEP ENSP00000433168 (Homo sapiens)

