The tree contains the following genes:
ENSGGOT00000035697
ENSPCAT00000019406
ENSLACT00000023838
ENSMLUT00000021614
ENSMEUT00000017690
ENST00000459475
ENSCHOT00000015392
ENSOANT00000037549
ENSSHAT00000023282
ENSAMET00000022957
ENSPTRT00000070285
ENSSHAT00000023611
ENSTBET00000021260
ENSOANT00000038234
ENSMEUT00000016886
ENSMODT00000041625
ENSOCUT00000025324
ENSPANT00000025322
ENSCAFT00000042576
ENSMICT00000026059
ENSTSYT00000019765
ENSPFOT00000021575
ENSMODT00000041264
ENSCSAT00000024705
ENSMMUT00000052798
ENSLACT00000024838
ENSTNIT00000024073
ENSNLET00000027358
ENSVPAT00000016299
ENSOGAT00000024297
ENSPPYT00000032473
ENSPSIT00000022498
ENSPSIT00000022766
ENSPSIT00000022091
ENSLAFT00000035035
ENSSTOT00000018926
ENSONIT00000027277
ENSOPRT00000023526
ENSECAT00000029421
ENSETET00000024834
ENSMPUT00000021509
ENSPVAT00000024338
ENSGACT00000029540
ENSORLT00000026608
ENSDNOT00000027629
ENSCJAT00000051552
ENSTRUT00000048729
