trf
60222 - 63215
dust
60226 - 60417
trf
60227 - 63215
trf
60232 - 63215
dust
60482 - 60633
dust
60775 - 60861
dust
60900 - 61022
dust
61026 - 61185
dust
61220 - 61313
dust
61346 - 61532
dust
61570 - 61631
dust
61646 - 61760
dust
61894 - 61985
dust
62023 - 62199
dust
62243 - 62333
dust
62375 - 62485
dust
62530 - 62753
dust
62788 - 62849
dust
62882 - 63072
dust
63106 - 63197
dust
63216 - 63840
trf
63842 - 67292
trf
63849 - 67292
dust
63940 - 64096
dust
64132 - 64195
dust
64228 - 64413
dust
64454 - 64606
dust
64612 - 64728
dust
64810 - 64890
dust
64932 - 65249
dust
65316 - 65376
dust
65412 - 65507
dust
65604 - 65891
dust
65896 - 65955
dust
66084 - 66210
dust
66236 - 66335
dust
66345 - 66405
dust
66409 - 66696
dust
66701 - 66782
dust
66924 - 67208
dust
67241 - 67292
L1P4
67780 - 67865
L1PA13
67866 - 67998
L1MC5a
67999 - 68014
L2a
68296 - 68381
FLAM_C
68938 - 69076
dust
69061 - 69080
HAL1
69573 - 69644
L1MEd
69657 - 69995
dust
69931 - 69939
L1MDa
70024 - 70218
L1MDa
70276 - 70628
L1PA13
70638 - 72776
dust
71647 - 71682
trf
71795 - 71838
dust
71975 - 71993
dust
72766 - 72776
L1MDa
72793 - 73281
L1MDa
73309 - 73708
trf
73461 - 73500
dust
73475 - 73483
AluSx3
73709 - 74001
dust
73990 - 74047
L1MDa
74002 - 74579
dust
74373 - 74481
L1M1
74908 - 76425
dust
75864 - 75871
dust
75889 - 75899
dust
75970 - 75978
AluSq2
76426 - 76724
dust
76710 - 76724
L1M1
76725 - 79215
dust
76918 - 76925
dust
77737 - 77752
L1P4d
79226 - 80497
L1PA4
80498 - 80668
dust
80498 - 80509
dust
80630 - 80652
L1P4d
80669 - 82037
dust
81564 - 81605
AluJo
82038 - 82180
L1PA15
82215 - 82347
dust
82322 - 82344
L1MEg
82348 - 82574
MIR3
82976 - 83084
MIR3
83130 - 83193
trf
83217 - 83243
AluSq2
83583 - 83880
dust
83583 - 83597
trf
84329 - 84364
dust
84688 - 84710
L1MA2
84700 - 86328
MER75
86331 - 86816
dust
86801 - 86808
dust
87008 - 87063
trf
87008 - 87039
dust
88866 - 88894
trf
88866 - 88894
L1M5
88908 - 89101
trf
88990 - 89027
dust
89327 - 89386
trf
89347 - 89385
L1ME4a
89467 - 89646
L1ME4a
89691 - 89901
dust
89870 - 89929
L3
90056 - 90140
dust
90279 - 90288
L2a
90303 - 91013
L1M2
91064 - 91465
L2a
91491 - 91631
dust
92055 - 92101
L2b
92137 - 92239
L2a
92270 - 92392
AluSc5
92393 - 92690
dust
92396 - 92411
L2a
92691 - 92961
AluSq
92962 - 93266
dust
92970 - 92987
L2a
93267 - 93643
dust
93569 - 93577
dust
93903 - 93912
dust
94071 - 94097
L1MA5
94123 - 94350
MER1B
94351 - 94688
L1MA5
94689 - 94918
dust
95097 - 95104
L2a
95197 - 95375
L1PREC2
95376 - 95719
dust
95539 - 95548
dust
95764 - 95787
trf
96284 - 96379
trf
96294 - 96402
AluY
97325 - 97618
dust
97325 - 97339
L1PA8
97625 - 98875
dust
97628 - 97635
dust
98472 - 98481
dust
98590 - 98597
L1P3
98873 - 99520
MER81
99737 - 99848
dust
100095 - 100102
L2a
100097 - 100229
Charlie2b
100288 - 100562
Charlie2b
100564 - 100774
dust
100620 - 100633
Charlie2b
100769 - 101174
dust
100919 - 100976
dust
101273 - 101303
trf
101273 - 101303
trf
101273 - 101302
AluY
101274 - 101583
trf
101274 - 101301
LFSINE_Vert
101715 - 101815
dust
101930 - 101986
L1PB4
101980 - 102248
trf
102233 - 102276
dust
102592 - 102608
dust
102610 - 102662
trf
102610 - 102662
L1M4
102725 - 103149
dust
102844 - 102892
dust
102994 - 103012
L1PA16
103151 - 109633
dust
105049 - 105056
dust
105365 - 105381
dust
106623 - 106661
dust
108771 - 108779
L1M4
109633 - 109690
MER77
109701 - 110277
L1PA16
111894 - 113001
dust
112718 - 112739
dust
112892 - 112911
dust
112970 - 113029
trf
112995 - 113029
AluSg
113002 - 113308
L1PA16
113309 - 114175
trf
113447 - 113473
L1M4
114176 - 114249
L1MEg
114234 - 114925
dust
114240 - 114280
dust
114541 - 114548
dust
114667 - 114674
L1PA15-16
114924 - 115642
L1M2
115904 - 116180
L1PA15-16
116182 - 118082
L1MEg2
118147 - 119020
L1MEg
119025 - 119369
dust
119086 - 119145
L1M5
119355 - 119645
L1MEg
119664 - 120138
dust
120200 - 120207
dust
120239 - 120282
HAL1ME
120240 - 120502
HAL1
120673 - 120918
dust
120765 - 120793
dust
120959 - 120972
trf
121440 - 121485
MLT1J
122013 - 122089
L2a
122578 - 122690
trf
122663 - 122690
L3
122947 - 122981
L1MDa
123159 - 126062
dust
124308 - 124316
dust
124384 - 124398
dust
124770 - 124832
dust
125449 - 125476
AluSx4
126063 - 126357
dust
126063 - 126077
L1MDa
126358 - 126381
L1M5
126371 - 126432
dust
126433 - 126441
L1M5
126439 - 126970
dust
126609 - 126677
trf
126636 - 126660
dust
126886 - 126894
AluSx3
126971 - 127271
dust
126974 - 126987
L1M5
127272 - 127535
L1MCa
127629 - 127787
dust
127652 - 127661
L1PA8
127788 - 128409
dust
128386 - 128444
L1MCa
128410 - 128611
dust
128518 - 128537
trf
128518 - 128537
L1MCa
128618 - 128691
L1M2
128696 - 129957
dust
128818 - 128841
L1PA2
129965 - 135990
dust
130859 - 130911
dust
131235 - 131297
dust
133091 - 133141
dust
135818 - 135853
dust
135962 - 136013
trf
135978 - 136010
L1M2
136011 - 136078
AluSq4
136079 - 136391
dust
136079 - 136107
trf
136079 - 136107
dust
136258 - 136273
L1M2
136392 - 137102
L1M2
137102 - 137467
dust
137208 - 137250
L1PBb
137496 - 137697
L1PA15-16
137695 - 138134
L1PA15-16
138165 - 139025
dust
138762 - 138769
dust
138964 - 139028
trf
138977 - 139006
trf
138977 - 139021
trf
138977 - 139028
trf
138983 - 139028
AluSz
139026 - 139314
dust
139177 - 139193
L1PA15-16
139315 - 140539
dust
139467 - 139492
dust
139882 - 139890
L1PB4
140540 - 140671
dust
140666 - 140733
L1ME3Cz
140703 - 140837
dust
140839 - 140879
trf
140839 - 140879
L1ME1
141051 - 141625
dust
141635 - 141645
dust
141710 - 141718
L1ME3G
141849 - 141985
L2c
142169 - 142333
dust
143006 - 143018
dust
143176 - 143198
L1ME4a
143358 - 143704
dust
144263 - 144293
L2a
144396 - 144592
MERX
145065 - 145178
trf
145605 - 145626
MER5A
145985 - 146148
MIRb
146254 - 146327
L2c
146994 - 147374
L2c
147532 - 147656
MIRb
147919 - 148128
MIRb
148671 - 148903
trf
149014 - 149220
L1MDa
149420 - 149620
trf
149605 - 149634
L1MDa
149684 - 149840
L1MA9
150077 - 151182
dust
150752 - 150764
L1MA9
151184 - 151485
dust
151304 - 151323
L1MDa
151452 - 151545
AluYj4
151546 - 151860
dust
151664 - 151683
dust
151833 - 151864
trf
151833 - 151864
trf
151834 - 151864
L1MDa
151861 - 152684
dust
152451 - 152468
dust
152673 - 152698
trf
152673 - 152710
AluJr
152685 - 152948
L1MDa
152949 - 153280
dust
153170 - 153177
L1MDa
153279 - 153523
AluJo
153524 - 153809
dust
153788 - 153809
trf
153788 - 153809
L1MDa
153810 - 153952
L1MD2
153937 - 154409
dust
154129 - 154145
MER3
154473 - 154575
MIR
154585 - 154752
L1MEh
155507 - 155662
dust
155645 - 155652
dust
156288 - 156295
L1MB3
156313 - 156367
L1MA5
156370 - 156868
dust
156864 - 156983
trf
156936 - 156982
L1M2
156982 - 157084
dust
157932 - 157963
trf
157932 - 157963
MIRb
157963 - 158146
dust
159275 - 159285
trf
159412 - 159443
trf
159413 - 159447
L2c
159599 - 159736
dust
159738 - 159783
trf
159756 - 159780
L1MC3
160110 - 160201
L1PA2
160201 - 161120
L1PA2
161119 - 163048
dust
162887 - 162908
L1MC3
163028 - 163921
dust
163036 - 163049
L1M5
163940 - 164363
dust
164244 - 164294
MLT1I
164387 - 164468
AluSx1
164469 - 164759
dust
164744 - 164759
MLT1I
164760 - 164961
dust
164949 - 164981
MER58B
165004 - 165055
dust
165075 - 165131
trf
165075 - 165131
L1MB7
165177 - 165227
dust
165224 - 165259
L1M5
165247 - 165404
Charlie18a
165821 - 165994
dust
166167 - 166174
L1MDa
166487 - 166550
MER1B
166551 - 166888
L1MDa
166889 - 166980
dust
166961 - 166969
L1MA9
166987 - 167600
dust
167313 - 167325
AluJr4
167601 - 167889
dust
167601 - 167611
L1MA9
167890 - 168281
dust
168182 - 168209
L1MDa
168315 - 168522
L1M3b
168526 - 169264
L1M3b
169246 - 169490
L1MD2
169544 - 170160
MLT1H
170512 - 170699
dust
171114 - 171147
dust
171175 - 171215
L1PA15
171178 - 171297
trf
171187 - 171216
L1MA9
171325 - 171377
trf
171338 - 171500
trf
171341 - 171537
L1MA9
171458 - 171628
dust
171632 - 171666
AluY
171639 - 171948
trf
171648 - 172245
trf
171720 - 172321
AluSx1
171949 - 172249
trf
172060 - 172365
dust
172118 - 172130
AluSz
172252 - 172385
L1MA9
172386 - 172683
L1MA9
172686 - 172740
LTR7
172772 - 173223
HERVH-int
173227 - 174782
HERVH-int
174783 - 175635
HERVH-int
175630 - 175778
HERVH-int
175769 - 176275
HERVH-int
176278 - 176457
HERVH-int
176454 - 178405
LTR7
178406 - 178853
L1PA17
178858 - 179063
AluJo
179077 - 179371
L1MA8
179406 - 179470
AluSq2
179471 - 179769
dust
179471 - 179480
L1MA8
179770 - 180314
L1MA8
180310 - 181333
dust
181285 - 181292
MLT1H-int
181336 - 181422
L1MA4
181447 - 181695
dust
181688 - 181814
trf
181794 - 181813
dust
181941 - 181948
dust
183101 - 183120
trf
183101 - 183120
L1PA16
183219 - 187582
dust
183618 - 183647
trf
183618 - 183647
dust
184541 - 184548
dust
185836 - 185844
dust
186905 - 186918
trf
188496 - 188536
MIRb
189053 - 189249
L2c
190359 - 190656
dust
190670 - 190692
LTR17
190692 - 191017
HERV17-int
191018 - 191309
HERV17-int
191300 - 191338
HERV17-int
191332 - 194167
dust
191727 - 191744
AluSx
194727 - 194899
dust
194901 - 194932
trf
194905 - 194926
L2c
195604 - 195779
dust
195746 - 195789
trf
195746 - 195789
L1PA15
195795 - 196602
dust
196547 - 196555
L1PA12
196602 - 197238
L1PA12
197238 - 197817
AluSq2
197818 - 198122
dust
198102 - 198122
L1PA12
198123 - 198696
AluSz
198697 - 198984
L1PA12
198985 - 199114
dust
199096 - 199117
AluSq2
199140 - 199298
dust
199140 - 199162
trf
199140 - 199162
L1M1
199305 - 201477
dust
199750 - 199768
L2a
201478 - 201664
AluSx1
201665 - 201952
dust
201933 - 201952
trf
201933 - 201952
L2a
201953 - 202942
MIRb
202964 - 203207
L1PA5
203481 - 203901
L1P1
203902 - 204429
HAL1ME
205231 - 205344
L1M5
205425 - 205558
L1PA14
205702 - 206184
dust
206176 - 206189
dust
206558 - 206585
dust
207203 - 207216
L1MEf
207218 - 207321
L1M5
207315 - 208285
dust
208029 - 208036
L1MA3
208286 - 208643
L1M5
208644 - 208863
MLT1I
209544 - 209630
MER47A
209822 - 210183
AluJr
210299 - 210581
MamRep564
210754 - 210870
MIRb
211430 - 211624
MER105
211833 - 212029
L2
212305 - 212988
AluY
212989 - 213264
dust
212995 - 213018
trf
212995 - 213018
L2
213265 - 213533
L2a
213574 - 213624
L2a
213597 - 213741
L2b
213777 - 213894
Charlie1a
214136 - 214469
trf
214210 - 214258
MER57F
214484 - 214793
AluJr
214797 - 214961
dust
214797 - 214808
trf
214797 - 215152
AluSx1
214963 - 215279
dust
214963 - 214979
dust
215135 - 215159
trf
215136 - 215159
MER57F
215280 - 215407
Charlie1a
215410 - 215676
MLT1G3
215677 - 216117
Charlie1a
216623 - 216786
MER57F
216801 - 216866
MIRc
217407 - 217503
FAM
217539 - 217683
dust
217692 - 217772
trf
217692 - 217771
trf
217717 - 217755
L2a
217923 - 218058
trf
218312 - 218343
dust
218314 - 218344
AluSq2
218315 - 218626
dust
218631 - 218641
L1M1
219291 - 219494
L1M1
219502 - 221307
dust
220241 - 220299
trf
221072 - 221091
dust
221282 - 221563
trf
221282 - 221563
trf
221282 - 221562
trf
221285 - 221562
trf
221406 - 221487
L1M1
221534 - 222546
HSMAR2
222613 - 223889
dust
223660 - 223668
L1M5
223890 - 223937
MER5A1
223938 - 224101
L1M5
224102 - 224723
dust
224388 - 224471
LTR67B
224740 - 225080
MLT1O
225690 - 225800
L1PA12
225805 - 226422
dust
226421 - 226429
AluSz
226716 - 227014
L1PA10
227695 - 227887
dust
227695 - 227703
dust
227963 - 227971
trf
228259 - 228293
MIRc
228330 - 228510
MER33
230178 - 230208
AluSg
230209 - 230507
MER33
230508 - 230725
MIRb
230823 - 230968
L1MA10
231060 - 231207
L1M3
231209 - 231743
dust
231434 - 231482
AluY
231744 - 232056
dust
231861 - 231881
dust
232032 - 232076
trf
232034 - 232075
L1M3
232074 - 232315
LTR104_Mam
232424 - 232834
MLT1J
232854 - 232946
AluJo
233189 - 233499
AluSq2
233503 - 233810
dust
233786 - 233810
trf
233846 - 233876
dust
233897 - 233904
HSMAR1
234051 - 234144
AluSp
234145 - 234445
dust
234145 - 234163
HSMAR1
234446 - 235615
dust
235083 - 235091
MLT1B
236285 - 236662
FAM
236730 - 236913
dust
236897 - 236909
AluSq2
236960 - 237263
dust
236960 - 236980
trf
236960 - 236980
LTR80B
237873 - 237984
MIRb
238149 - 238297
AluSg
238585 - 238862
dust
238841 - 238862
AluSc8
239287 - 239450
dust
239429 - 239450
MIRb
239478 - 239684
AluSc8
239795 - 240091
dust
240076 - 240091
dust
240331 - 240338
LTR80B
240404 - 240997
dust
240478 - 240495
L1ME4a
241092 - 241617
L1MC5
242079 - 242846
dust
242771 - 242778
L1MA9
242847 - 243443
L1MC5
243444 - 243519
AluSx1
243520 - 243831
dust
243803 - 243818
L1MC5
243832 - 244222
dust
244098 - 244114
L1MC5
244777 - 245079
dust
244827 - 244860
dust
245078 - 245100
AluSz6
245080 - 245387
L1MA9
245404 - 246198
trf
245440 - 245473
dust
245444 - 245501
trf
245473 - 245501
L1MC5
246201 - 246434
THE1C
246435 - 246805
dust
246987 - 247006
trf
246987 - 247006
MLT1H
247059 - 247425
trf
247479 - 247514
dust
247483 - 247568
trf
247509 - 247568
L1M5
247646 - 248173
dust
248336 - 248388
AluSc
248461 - 248755
dust
248741 - 248755
L1ME3G
248762 - 248806
AluSq10
248807 - 249102
dust
249090 - 249102
L1ME3G
249103 - 249135
AluSx
249136 - 249439
dust
249420 - 249448
L1ME3G
249440 - 249629
L1ME1
249644 - 249933
MSTA
249934 - 250351
dust
250287 - 250296
L1ME1
250352 - 250525
AluSz
250526 - 250826
L1ME1
250827 - 251054
dust
251144 - 251204
MER67C
251288 - 251968
dust
251989 - 252032
trf
251989 - 252032
MER50B
252033 - 252146
AluSx1
252150 - 252446
dust
252426 - 252449
L1PB4
252447 - 252742
AluSx1
252744 - 252894
dust
252882 - 252894
MER4B-int
252896 - 253443
MER4E
253444 - 253968
dust
253850 - 253880
AluY
253969 - 254267
dust
253969 - 253984
MER4E
254268 - 254439
MLT2C2
254440 - 254526
dust
254454 - 254493
trf
254457 - 254493
L1MA5
254563 - 254636
MER1B
254637 - 254976
L1MA5
254977 - 255075
AluSx1
255076 - 255372
dust
255357 - 255372
L1MA5
255373 - 255694
dust
255681 - 255722
L1MC4
255774 - 256057
dust
255819 - 255846
trf
255819 - 255846
dust
256028 - 256085
dust
256555 - 256574
trf
256555 - 256575
trf
256985 - 257053
dust
256990 - 257053
L1ME4a
257171 - 257491
dust
258365 - 258415
LTR16B1
259533 - 259986
L1ME4c
260106 - 260369
L1M5
260685 - 260921
L1ME1
260922 - 261197
dust
261175 - 261228
trf
261186 - 261228
AluSp
261198 - 261499
L1ME1
261500 - 261750
L1ME1
261773 - 261919
AluY
261920 - 262217
dust
262199 - 262217
L1ME1
262218 - 262357
L1M5
262455 - 262904
L1M1
262893 - 263482
dust
263480 - 263524
trf
263480 - 263524
AluSz6
263522 - 263555
MER52A
263556 - 264148
dust
264346 - 264400
AluSx1
265014 - 265323
dust
265014 - 265044
trf
265014 - 265044
dust
265376 - 265383
AluSz
265612 - 265862
trf
265843 - 265863
MLT1E2
265877 - 266067
L1PBa1
266220 - 266337
L1PBa1
266328 - 266499
L1MA7
266517 - 266602
L2a
266606 - 266941
HERVL74-int
267225 - 267417
L1PB4
267434 - 267610
dust
267591 - 267632
AluSx1
267813 - 268115
dust
268093 - 268115
MER76
268346 - 268913
AluJb
268914 - 269207
MER76
269208 - 269270
MIR
269293 - 269445
AluSx1
269687 - 269987
dust
269687 - 269702
MLT1E2
270237 - 270297
LTR16A
270352 - 270558
dust
270945 - 271092
trf
270984 - 271089
trf
270988 - 271090
trf
270990 - 271083
trf
271431 - 271491
dust
271444 - 271490
trf
271444 - 271490
MIRc
271598 - 271696
MIRb
271738 - 271852
L1MC5
272020 - 272210
dust
272107 - 272118
dust
272201 - 272211
L2c
272215 - 272360
dust
272360 - 272385
AluJr
272361 - 272652
trf
272362 - 272384
dust
272523 - 272536
L2c
272653 - 272978
AluJb
272979 - 273274
L2c
273275 - 273514
MER5A1
273536 - 273592
AluSz6
273594 - 273896
dust
273877 - 274070
trf
273879 - 274050
trf
273882 - 273963
trf
273882 - 274067
trf
273940 - 274070
trf
273940 - 274070
trf
273940 - 274070
MER5A1
274066 - 274170
LTR79
274196 - 274381
LTR79
274414 - 274634
L2c
274649 - 274773
AluSg7
274796 - 275115
dust
274800 - 274838
MIR3
275702 - 275896
MIR3
277582 - 277699
MIR3
277899 - 277954
MIRb
277964 - 278112
MIR
278551 - 278619
dust
278910 - 279156
trf
278931 - 279152
trf
278931 - 279156
dust
279366 - 279436
MER104
279512 - 279676
AluSg
279690 - 279990
dust
279970 - 279989
trf
279970 - 279989
MIRc
280143 - 280190
trf
280163 - 280417
MIR
280398 - 280643
MIR
280690 - 280869
AluJr
280873 - 281181
dust
281162 - 281203
trf
281162 - 281183
AluJo
281191 - 281357
MIR
281553 - 281697
AluJb
281698 - 281968
MIR
281969 - 282033
L2a
282164 - 282447
MIR
282486 - 282526
AluSx1
282589 - 282880
dust
282872 - 282892
AluSz
283310 - 283603
dust
283310 - 283321
MIRb
283722 - 283906
MIRb
284423 - 284497
MIR
284510 - 284572
AluSx1
284574 - 284858
dust
284853 - 284891
MIR
284889 - 285100
MamRep1151
285448 - 285612
AluSx1
285613 - 285873
MamRep1151
285874 - 286138
L1MD1
286164 - 286233
AluSx
286235 - 286545
dust
286497 - 286519
trf
286497 - 286520
dust
286528 - 286631
trf
286535 - 286587
trf
286546 - 286590
trf
286582 - 286631
trf
286584 - 286621
trf
286585 - 286616
L1MD1
286624 - 287646
dust
286934 - 286941
AluSz
287647 - 287930
dust
287909 - 287930
trf
287909 - 287930
L1MD1
287931 - 288312
dust
288064 - 288124
trf
288155 - 288197
trf
288155 - 288197
trf
288155 - 288197
dust
288163 - 288197
L1MDa
288310 - 288634
MER20B
288761 - 288855
MIRb
288856 - 288984
MLT1J2
289030 - 289474
dust
289197 - 289204
MIR
289709 - 289902
MIR3
290034 - 290158
dust
290564 - 290584
trf
290564 - 290584
L2
290856 - 291228
AluJb
291239 - 291405
L2
291406 - 291495
L2-3_Crp
291498 - 291785
L2
291786 - 292054
dust
292052 - 292072
Charlie17a
292275 - 292457
AluSq
292520 - 292826
dust
292807 - 292820
MLT1L
292839 - 293316
AluJr
293317 - 293612
dust
293434 - 293443
MLT1L
293613 - 293738
MLT1J
293749 - 293942
AluSp
294074 - 294370
dust
294074 - 294088
dust
294386 - 294415
L1M5
295218 - 295761
MER102b
295777 - 295983
L2
296133 - 296240
AluY
296392 - 296693
dust
296672 - 296693
MIRb
296733 - 296858
dust
296891 - 296903
L1ME2z
296917 - 297078
dust
297071 - 297078
dust
297163 - 297175
dust
297483 - 297497
Tigger15a
298833 - 298991
dust
298859 - 298887
dust
299043 - 299092
dust
299105 - 299129
L2b
299136 - 299243
Tigger15a
299264 - 299479
Plat_L3
299482 - 299565
MIRc
299568 - 299681
MER5B
300533 - 300618
L2b
300637 - 300684
AluSx
301679 - 301969
dust
301679 - 301687
L2b
301998 - 302195
L2b
302269 - 302634
LTR67B
302693 - 303151
L2b
303196 - 303754
MER112
303756 - 303977
L2b
304056 - 304224
AluY
304226 - 304520
dust
304505 - 304520
AluSz
304876 - 305087
dust
304996 - 305012
LTR1A2
305100 - 305916
AluSz
305919 - 306012
Charlie16a
306089 - 306231
AluJr
306233 - 306400
dust
306233 - 306245
dust
306396 - 306433
trf
306396 - 306433
AluY
306404 - 306751
dust
306751 - 306915
trf
306752 - 306914
trf
306758 - 306915
trf
306760 - 306784
trf
306771 - 306811
trf
306771 - 306811
trf
306805 - 306900
AluJr
306915 - 307026
dust
307035 - 307052
FLAM_C
307036 - 307144
L1ME4b
307163 - 307445
dust
307295 - 307307
dust
307476 - 307526
AluJb
307594 - 307896
dust
307713 - 307722
dust
307867 - 307901
trf
307867 - 307898
trf
307869 - 307898
L2a
308154 - 308510
MER115
308877 - 309116
MER115
309199 - 309424
MIRb
309431 - 309584
MIR
309737 - 309948
dust
310122 - 310167
dust
310283 - 310290
dust
310720 - 310736
dust
311250 - 311259
L1MC3
311252 - 311334
AluJb
311340 - 311564
L1MC3
311569 - 311803
trf
311700 - 311729
L1MC3
311835 - 312373
dust
312373 - 312405
trf
312375 - 312405
trf
312375 - 312405
AluJr
312401 - 312447
Zaphod3
312561 - 312610
AluJr
312613 - 312846
dust
312719 - 312729
L1MC3
312848 - 313251
trf
313244 - 313277
trf
313248 - 313280
trf
313248 - 313280
AluJb
313252 - 313571
dust
313252 - 313280
L1MC3
313572 - 313955
dust
313911 - 313918
MIR
313963 - 314074
FAM
314146 - 314316
MER33
314320 - 314375
AluSc
314384 - 314671
FRAM
314719 - 314863
AluJo
314900 - 315184
dust
314900 - 314924
trf
314900 - 314924
dust
315187 - 315217
AluSp
315188 - 315499
dust
315725 - 315755
trf
315725 - 315755
AluSc8
315730 - 316029
AluJo
316039 - 316327
L1MB8
316328 - 316726
dust
316725 - 316739
L1ME3F
316750 - 316886
AluJo
316907 - 317200
dust
317025 - 317032
dust
317193 - 317200
L2b
317308 - 317475
L1ME3G
317514 - 317543
AluSx
317544 - 317670
AluY
317671 - 317973
dust
317789 - 317809
trf
317797 - 318129
dust
317959 - 317973
AluSx
317974 - 318132
L1ME3G
318133 - 318231
AluSq2
318232 - 318493
dust
318481 - 318490
L1ME3G
318494 - 318626
dust
318620 - 318627
AluJb
318668 - 318961
dust
318950 - 318961
AluSg4
318962 - 319258
dust
319247 - 319258
AluSz
319359 - 319634
dust
319634 - 319680
trf
319634 - 319680
AluSg
319977 - 320268
dust
320256 - 320268
MLT1F1
320435 - 320976
AluY
320978 - 321284
dust
321263 - 321281
L2a
321594 - 321739
AluJb
321740 - 322041
L2a
322042 - 322056
AluJo
322057 - 322321
L2a
322322 - 322511
dust
322578 - 322595
trf
322780 - 322810
AluJb
322792 - 323079
dust
322950 - 322966
MamTip1
323265 - 323440
dust
323466 - 323474
AluSz
323544 - 323826
dust
323550 - 323558
MIRb
323841 - 323960
dust
324166 - 324190
trf
325299 - 325345
dust
325558 - 325603
dust
326588 - 326643
dust
327030 - 327106
dust
328258 - 328300
dust
328518 - 328537
trf
328518 - 328537
dust
328541 - 328579
MER102b
328886 - 329155
MIR
329193 - 329314
LTR16A
329877 - 330267
trf
330163 - 330183
MIR3
330603 - 330641
MLT1E1A
330952 - 331404
AluSx1
331405 - 331715
dust
331687 - 331733
trf
331687 - 331719
MLT1E1A
331716 - 331969
AluJo
331970 - 332145
dust
332075 - 332082
L2a
332151 - 332813
AluSx
332814 - 333114
dust
333097 - 333114
L2a
333115 - 333381
AluJr
333438 - 333735
dust
333725 - 333735
L2c
333769 - 334003
MLT1G
334014 - 334501
FLAM_C
334715 - 334847
dust
334715 - 334723
AluSx
334857 - 335153
dust
334864 - 334871
L2
335156 - 335226
MIR3
335380 - 335463
dust
335457 - 335492
trf
335457 - 335490
trf
335457 - 335489
trf
335459 - 335489
AluSz
335464 - 335776
MIR3
335777 - 335826
dust
336170 - 336398
trf
336170 - 336398
AluSg
336378 - 336655
AluSz
336658 - 336958
L2a
337046 - 337226
LTR33A_
337297 - 337481
AluSp
337568 - 337849
dust
337841 - 337868
trf
337841 - 337872
trf
337841 - 337872
dust
337887 - 337904
L1MB3
337904 - 338415
AluSx
338416 - 338745
dust
338419 - 338428
dust
338578 - 338624
trf
338578 - 338624
L1MB3
338746 - 338960
AluJo
339007 - 339253
MLT1A0-int
339262 - 339329
AluSq2
339330 - 339619
dust
339612 - 339619
MLT1A0-int
339620 - 339865
AluSc
339987 - 340196
dust
339987 - 340002
dust
340151 - 340170
trf
340151 - 340170
trf
340195 - 340274
trf
340196 - 340274
trf
340196 - 340278
dust
340198 - 340280
AluSz
340251 - 340548
trf
340659 - 340686
MIRb
340673 - 340894
dust
341113 - 341149
L2
341191 - 341354
AluJo
341506 - 341739
dust
341506 - 341522
dust
341597 - 341620
MLT1H1
341740 - 342198
trf
342021 - 342062
MLT1A0
342207 - 342524
MLT1K
342573 - 342605
dust
342603 - 342635
trf
342603 - 342635
AluSg
342606 - 342916
MLT1K
342917 - 343364
dust
343586 - 343628
trf
343586 - 343628
trf
343586 - 343627
L1ME4b
343765 - 343814
AluSc
343815 - 344114
dust
343933 - 343949
dust
344098 - 344114
L1ME4b
344115 - 344399
MLT1G
344400 - 344647
trf
344560 - 344579
AluSq2
344648 - 344895
MLT1G
344896 - 345262
L1ME4b
345263 - 345286
L2b
345325 - 345590
dust
345633 - 345665
trf
345633 - 345665
MIR
345666 - 345743
L2a
345755 - 345829
AluJb
345843 - 346156
dust
346127 - 346169
trf
346127 - 346162
trf
346129 - 346169
L2b
346196 - 346252
MIRc
346287 - 346352
dust
347557 - 347601
dust
348225 - 348288
dust
348485 - 348528
trf
348485 - 348528
dust
348854 - 348866
MIR
349182 - 349368
MIRb
349394 - 349454
MLT1K
349925 - 350005
trf
350020 - 350054
AluSx
350068 - 350192
trf
350078 - 350384
AluSq4
350193 - 350498
trf
350317 - 350667
dust
350478 - 350498
trf
350478 - 350498
AluSx
350499 - 350676
dust
350647 - 350683
trf
350647 - 350683
AluSq2
350967 - 351251
dust
351230 - 351251
AluJo
351265 - 351560
dust
351531 - 351572
L1MC
351579 - 351825
MLT1K
351988 - 352102
L2b
352488 - 352580
L2b
352596 - 352919
MIR3
353922 - 353999
MIRb
354147 - 354320
MIRb
354927 - 354999
AluSz
355000 - 355303
dust
355011 - 355024
MIRb
355304 - 355360
dust
355357 - 355398
AluY
355369 - 355697
L1PB2
355708 - 356019
trf
356042 - 356077
AluSx
356061 - 356359
dust
356343 - 356359
MIR
356530 - 356648
L2a
356641 - 357429
AluSp
357434 - 357744
dust
357716 - 357744
AluSx
357757 - 358054
L1ME4b
358064 - 358254
AluJr4
358256 - 358533
dust
358524 - 358533
dust
358551 - 358596
trf
358553 - 358596
trf
358553 - 358596
trf
358555 - 358593
AluSp
358567 - 358864
L1MD3
358868 - 359022
FLAM_A
359023 - 359149
dust
359023 - 359032
L1MD3
359150 - 359708
AluSz
359717 - 360017
dust
359999 - 360017
AluSp
360411 - 360707
dust
360411 - 360421
MIRb
360854 - 361056
L2c
361103 - 361231
MIR
361268 - 361462
dust
361668 - 361678
L2b
361862 - 361891
AluSx
361904 - 362211
dust
362186 - 362209
MIR3
362212 - 362313
dust
362954 - 362982
trf
362954 - 362981
AluJb
362955 - 363249
L2b
363260 - 363349
dust
363484 - 363534
MIRb
363971 - 364069
MIR
364283 - 364388
L2a
364346 - 364478
AluSx1
364479 - 364782
dust
364764 - 364777
L2a
364783 - 365072
trf
365072 - 365137
dust
365201 - 365270
L1ME4b
365758 - 365794
AluSq2
365795 - 366084
trf
365795 - 365820
dust
365799 - 365820
L1ME4b
366085 - 366273
AluSq2
366312 - 366412
dust
366385 - 366412
trf
366388 - 366410
L1ME4b
366413 - 366922
dust
366840 - 366921
trf
366856 - 366895
AluSp
366929 - 367241
dust
367212 - 367252
trf
367214 - 367252
trf
367215 - 367250
MIRb
367359 - 367456
L2a
367745 - 367881
dust
367865 - 367881
AluJb
367884 - 368167
L2-3_Crp
368187 - 368275
AluSc
368276 - 368583
dust
368285 - 368303
L2-3_Crp
368584 - 368733
L2a
368742 - 369236
FLAM_C
369237 - 369373
dust
369358 - 369374
AluSx
369376 - 369680
dust
369658 - 369680
trf
369658 - 369680
L2a
369681 - 370095
AluJb
370096 - 370396
dust
370104 - 370114
L2a
370397 - 370524
L2a
370701 - 370903
dust
372107 - 372157
trf
372123 - 372158
trf
372123 - 372158
MIRb
372494 - 372542
AluSz
372543 - 372823
MIRb
372824 - 372972
MIR
373083 - 373173
AluJb
373199 - 373365
dust
373345 - 373396
trf
373345 - 373365
MIR
373418 - 373556
MIRb
373504 - 373710
dust
374016 - 374059
trf
374018 - 374059
AluSz6
374027 - 374338
MER113
374360 - 374581
AluSc8
374582 - 374909
dust
374879 - 374915
trf
374879 - 374915
MER113
374910 - 374928
AluY
374929 - 375234
dust
375213 - 375231
MER113
375235 - 375403
MIR3
375413 - 375528
AluSz
375742 - 376053
dust
376027 - 376059
MIR
376247 - 376374
MIRb
376433 - 376592
MSTC
376639 - 377060
Charlie5
377061 - 377147
AluSc8
377148 - 377450
dust
377154 - 377170
Charlie5
377451 - 377479
MIRb
377627 - 377672
AluSq
377673 - 377978
dust
377675 - 377696
MIRb
377979 - 378060
L2a
378060 - 378373
MIRb
378453 - 378566
trf
378690 - 378721
dust
378693 - 378723
AluSc8
378694 - 379003
dust
378854 - 378886
AluJr4
379014 - 379319
AluSp
379388 - 379688
dust
379668 - 379684
MIR
379815 - 380048
MIRb
380321 - 380404
AluY
380405 - 380708
dust
380685 - 380701
MIRb
380709 - 380745
dust
380709 - 380716
trf
380879 - 380978
dust
381209 - 381241
dust
381537 - 381590
dust
382014 - 382054
dust
382100 - 382127
trf
382100 - 382131
MIRb
382590 - 382826
L1ME4b
383164 - 383438
dust
383427 - 383469
AluJo
383439 - 383739
trf
383440 - 383469
dust
383610 - 383619
L1ME4b
383740 - 383810
L2c
383934 - 384287
trf
384030 - 384056
MLT1J
384288 - 384356
AluSc
384357 - 384661
dust
384357 - 384382
MLT1J
384662 - 385057
L2c
385058 - 385103
AluSq2
385104 - 385412
dust
385104 - 385129
L2c
385413 - 385507
dust
385415 - 385448
MER5A
385528 - 385682
L2c
385696 - 385860
AluJb
385861 - 386163
dust
385861 - 385877
dust
386027 - 386044
L2c
386164 - 386259
AluSx
386419 - 386575
dust
386419 - 386426
AluSg
386576 - 386838
dust
386576 - 386585
AluSx
386839 - 387050
AluJo
387094 - 387328
dust
387217 - 387225
L1ME4b
387348 - 387446
dust
387393 - 387425
FLAM_A
387447 - 387569
dust
387555 - 387569
L1ME4b
387570 - 387951
L2c
388563 - 388734
MIR3
388844 - 388940
MIR
389103 - 389322
L2a
389896 - 390034
AluSq
390045 - 390354
dust
390329 - 390354
MIR
390689 - 390719
AluSx
390720 - 391024
dust
391002 - 391024
trf
391002 - 391024
MIR
391025 - 391207
AluSz
391740 - 392037
dust
392022 - 392035
MIR
392131 - 392308
MIRc
392335 - 392418
AluSx3
392558 - 392857
dust
392558 - 392570
L1MC4a
393035 - 393337
AluJo
393338 - 393616
dust
393338 - 393349
L1MC4a
393617 - 394018
dust
394005 - 394048
trf
394005 - 394048
trf
394006 - 394046
trf
394012 - 394048
AluSz6
394019 - 394314
AluJo
394513 - 394815
dust
394787 - 394816
trf
394787 - 394816
trf
394791 - 394816
MIRb
394824 - 395026
AluJb
395163 - 395460
dust
395163 - 395177
dust
395469 - 395478
MIRb
395678 - 395787
MIRc
395974 - 396056
L2a
396844 - 396962
MLT1L
397778 - 397915
MIR
398009 - 398242
AluSx3
398249 - 398550
dust
398538 - 398550
MLT1L
398568 - 398672
MLT1H
398818 - 398970
dust
398954 - 399000
trf
398962 - 399000
AluSx
398971 - 399290
MLT1H
399291 - 399357
L2b
399358 - 399415
MIRb
399560 - 399706
AluSz
399807 - 400103
L2c
400335 - 400485
MLT1J1
400540 - 400605
MLT1J1
400697 - 400812
MLT1H
400901 - 401213
MER44D
401241 - 401407
AluSc
401408 - 401714
trf
401685 - 401714
trf
401685 - 401739
dust
401686 - 401710
trf
401686 - 401714
MER44D
401715 - 402163
AluSq2
402402 - 402508
dust
402479 - 402515
trf
402479 - 402515
AluJr
402515 - 402779
MER5A1
402800 - 402963
L2a
403182 - 403375
dust
403259 - 403266
MIR
403435 - 403496
MLT1F
403497 - 404027
MIR
404028 - 404181
L1MEd
404340 - 404442
AluSq2
404443 - 404740
dust
404559 - 404577
dust
404728 - 404740
L1MEd
404741 - 404869
AluSq2
404874 - 405159
dust
405156 - 405187
trf
405156 - 405187
L1MEd
405187 - 405261
L1MEd
405262 - 405436
dust
405316 - 405455
trf
405391 - 405455
trf
405392 - 405455
trf
405398 - 405452
L1MB7
405439 - 405564
AluJb
405565 - 405788
L1MB7
405789 - 405931
AluSx1
405932 - 406242
dust
405943 - 405955
L1MB7
406243 - 406378
trf
406352 - 406468
AluJo
406480 - 406732
dust
406709 - 406732
trf
406709 - 406732
MER5B
406737 - 406779
L2a
406838 - 407578
MIRb
407651 - 407824
dust
407941 - 408056
trf
407942 - 408044
trf
407943 - 408045
trf
407943 - 408048
trf
407954 - 408033
L2b
409121 - 409627
dust
409467 - 409479
L2b
409693 - 409798
MIR
410100 - 410254
MLT1J
410311 - 410665
MIRb
410682 - 410742
L1MB7
410854 - 411216
AluJb
411217 - 411370
dust
411217 - 411227
AluY
411371 - 411666
dust
411371 - 411380
AluJb
411667 - 411810
L1MB7
411811 - 412319
AluSx1
412320 - 412617
dust
412326 - 412338
L1MB7
412618 - 413524
trf
412644 - 412692
dust
413310 - 413319
MER5A1
413619 - 413714
Tigger13a
413784 - 414145
dust
413918 - 413935
dust
414092 - 414109
AluJb
414160 - 414417
dust
414248 - 414262
Tigger13a
414418 - 414532
L1MB7
414573 - 414793
L1MB7
414899 - 415012
L1MC5a
415013 - 415093
AluJo
415094 - 415391
dust
415369 - 415392
L1MC5a
415392 - 415675
dust
415596 - 415605
MSTA
415676 - 416078
L1MC5a
416079 - 416147
AluY
416155 - 416433
dust
416155 - 416173
dust
416323 - 416333
L1MB7
416436 - 416658
AluJr
416718 - 416994
MIR
417015 - 417211
L2
417220 - 417333
dust
417396 - 417423
trf
417396 - 417423
dust
417676 - 417718
MIR
418127 - 418244
L1MC4
418265 - 418371
AluY
418372 - 418667
dust
418376 - 418386
L1MC4
418668 - 419101
dust
418710 - 418717
dust
418984 - 418991
trf
419855 - 419902
trf
420036 - 420084
dust
420631 - 420740
trf
420666 - 420740
trf
420666 - 420740
trf
420666 - 420740
dust
420791 - 420868
trf
420819 - 420861
trf
420840 - 420868
MIRb
421067 - 421264
L2b
421447 - 421512
L2b
421658 - 421956
trf
422313 - 422339
dust
422314 - 422339
FLAM_A
422324 - 422416
MIR
422516 - 422547
AluJb
422548 - 422849
dust
422832 - 422849
MIR
422850 - 423017
AluSp
423020 - 423303
dust
423303 - 423318
MLT1H
423350 - 423436
MER2
423437 - 423741
dust
423507 - 423540
MLT1H
423742 - 424144
MIR3
424211 - 424300
AluSx
425008 - 425310
dust
425008 - 425028
L1ME1
425319 - 425444
AluSg
425624 - 425923
dust
425627 - 425644
L1ME4c
425931 - 426073
dust
426058 - 426084
L1MA2
426074 - 426590
L1ME4c
426591 - 426640
L1MB3
426642 - 426769
dust
426783 - 426844
trf
426785 - 426845
trf
426795 - 426844
AluJr
426817 - 427138
dust
426989 - 427014
AluSc8
428215 - 428273
MIR1_Amn
428277 - 428345
MER58B
429153 - 429226
AluSp
429227 - 429520
dust
429227 - 429243
MER58B
429521 - 429759
MIRb
429763 - 430010
MER102a
432036 - 432251
MIRc
433222 - 433380
MER21C
433653 - 433967
trf
433740 - 433794
AluSx1
434002 - 434301
dust
434002 - 434020
MER21C
434363 - 434589
MER21A
435191 - 436061
AluSx1
436831 - 437141
dust
437115 - 437151
dust
437391 - 437399
dust
437770 - 437778
MER103C
439973 - 440144
dust
440028 - 440035
AluSp
440810 - 441101
dust
441090 - 441098
dust
441121 - 441137
L1MC4
442220 - 442815
AluY
442816 - 443112
dust
443104 - 443156
L1MC4
443113 - 443226
dust
443216 - 443228
AluSq2
443852 - 444146
dust
444131 - 444146
dust
444548 - 444588
L2c
446025 - 446114
AluSz
446349 - 446638
dust
446349 - 446362
AluJr4
446669 - 446931
AluSg7
446944 - 447259
dust
446944 - 446967
trf
446944 - 446967
dust
447124 - 447141
AluSz
447378 - 447689
dust
447658 - 447689
AluSx4
448409 - 448706
dust
448690 - 448706
FLAM_A
448707 - 448820
AluSg
448842 - 449144
dust
448842 - 448861
trf
448842 - 448861
AluSc
449154 - 449279
dust
449154 - 449171
dust
449286 - 449305
trf
449286 - 449305
AluSg
449315 - 449622
dust
449596 - 449632
MIRb
449627 - 449716
AluSz
450154 - 450445
dust
450154 - 450168
dust
450316 - 450330
AluSx1
451263 - 451573
dust
451548 - 451574
trf
451555 - 451574
AluJb
451735 - 451808
AluSg
452027 - 452330
dust
452308 - 452330
AluJo
452348 - 452613
AluSp
452868 - 453183
dust
453154 - 453188
trf
453154 - 453188
AluSp
453191 - 453486
AluSx
453515 - 453540
AluSx3
453541 - 453849
dust
453541 - 453563
trf
453541 - 453563
dust
453713 - 453723
AluSx
453850 - 453958
trf
453888 - 454161
AluY
453959 - 454252
dust
454077 - 454093
dust
454237 - 454252
dust
454288 - 454305
dust
454651 - 454689
trf
454651 - 454685
AluSz
454673 - 454971
MER94
455176 - 455316
AluSx
455353 - 455647
dust
455618 - 455650
trf
455618 - 455650
AluSq
455651 - 455960
dust
455933 - 455976
trf
455934 - 455976
trf
455935 - 455976
trf
455945 - 455976
AluSz6
456007 - 456259
dust
456245 - 456259
trf
456334 - 456368
L2c
456403 - 456557
AluSq
456558 - 456865
dust
456558 - 456580
L2c
456866 - 456924
AluSp
456925 - 457235
dust
456934 - 456953
trf
456934 - 456953
AluJr
457237 - 457520
dust
457239 - 457264
L2c
457521 - 457664
dust
457948 - 457956
AluJb
458315 - 458613
dust
458315 - 458330
dust
459635 - 459664
trf
459640 - 459664
MER31A
459664 - 459767
dust
460207 - 460214
FRAM
460305 - 460452
dust
460435 - 460452
dust
460768 - 460797
trf
460769 - 460796
AluJr4
461381 - 461661
L1MB7
461705 - 461884
dust
462227 - 462287
trf
462527 - 462547
MIR
462725 - 462835
MER91C
462949 - 463035
L2
463065 - 463164
AluYc
463299 - 463373
MamRep1151
463374 - 463685
AluJo
463703 - 463974
dust
463703 - 463716
dust
463864 - 463877
MamRep1151
463984 - 464102
AluSz
464103 - 464399
dust
464372 - 464400
MamRep1151
464400 - 464457
L1MCa
464636 - 464744
L1ME1
464742 - 465014
MER58B
465109 - 465386
dust
465382 - 465430
trf
465383 - 465426
trf
465385 - 465424
AluSq2
465424 - 465711
AluSx
465738 - 466042
dust
466019 - 466042
trf
466019 - 466042
AluJr
466059 - 466180
L1MCa
466210 - 467020
dust
466638 - 466676
trf
466638 - 466676
dust
466870 - 466877
AluY
467021 - 467319
dust
467025 - 467042
L1MCa
467320 - 467673
AluJb
467679 - 467861
dust
467797 - 467810
LTR22E
467862 - 468330
HERVK22-int
468331 - 471446
dust
469212 - 469224
HERVK22-int
471445 - 471646
HERVK22-int
471635 - 472434
trf
472251 - 472293
LTR22E
472435 - 472902
AluJb
472904 - 473027
dust
473008 - 473027
L1MCa
473028 - 473389
L2
474016 - 474054
AluJr
474055 - 474333
L2
474334 - 474515
HAL1
474612 - 474930
L1ME3B
474933 - 475086
AluSz
475178 - 475477
dust
475461 - 475477
MLT1H2
475621 - 475771
AluSx
476260 - 476557
dust
476260 - 476277
AluJb
476568 - 476870
dust
476580 - 476589
AluJr4
476901 - 477187
AluJb
477209 - 477438
AluSp
477710 - 477872
dust
477882 - 477923
trf
477883 - 477924
trf
477884 - 477920
dust
478019 - 478028
L2b
478098 - 478170
AluJb
478647 - 478947
dust
478766 - 478784
dust
478925 - 478947
MER91B
479130 - 479244
L1ME3E
479369 - 479497
Tigger4a
479782 - 479995
dust
479931 - 479953
dust
480235 - 480279
trf
480235 - 480279
MIRb
480309 - 480394
dust
480424 - 480434
dust
481132 - 481139
dust
481255 - 481262
dust
481484 - 481497
dust
481511 - 481522
dust
482402 - 482422
dust
482528 - 482536
dust
483465 - 483509
trf
483465 - 483504
dust
483689 - 483697
dust
483768 - 483790
MIRb
484200 - 484369
MER3
484396 - 484527
dust
484695 - 484725
trf
484695 - 484725
L1ME4b
484730 - 484782
AluSx1
484785 - 485095
dust
485067 - 485110
trf
485067 - 485110
trf
485110 - 485137
dust
485120 - 485137
L1ME4b
485127 - 485193
AluSz
485194 - 485482
L1ME4b
485483 - 485722
dust
486255 - 486262
MIRb
487254 - 487336
AluJo
488041 - 488304
dust
488041 - 488057
L2b
488985 - 489245
dust
489937 - 489971
AluSx3
490018 - 490325
dust
490018 - 490048
trf
490326 - 490377
trf
490328 - 490376
dust
490329 - 490376
trf
490329 - 490376
AluSg7
490405 - 490702
dust
490405 - 490428
AluJo
490705 - 490856
dust
490705 - 490720
dust
490894 - 490911
AluJr
491389 - 491685
dust
491508 - 491521
AluY
491686 - 491950
dust
491923 - 491951
trf
491924 - 491950
dust
492183 - 492194
L2b
492439 - 492555
L2b
492761 - 492902
L2a
493081 - 493383
dust
493388 - 493468
L1MD2
493494 - 494024
AluSg
494025 - 494321
dust
494025 - 494045
trf
494025 - 494045
L1MD2
494322 - 494613
L2a
494617 - 495155
MIR
495339 - 495433
L2a
495586 - 495661
MER58A
496202 - 496414
dust
497140 - 497173
AluJr
497152 - 497446
dust
497459 - 497467
AluJr
497462 - 497573
dust
498336 - 498357
trf
498336 - 498357
AluJr4
498338 - 498504
dust
499959 - 499976
There are a total of 1729 repeat features.

