Use of uninitialized value $xref_display_label in substitution (s///) at /home/wangming/Documents/Ensembl_API/ensembl/modules/Bio/EnsEMBL/DBSQL/TranscriptAdaptor.pm line 1861.
Use of uninitialized value $xref_display_label in substitution (s///) at /home/wangming/Documents/Ensembl_API/ensembl/modules/Bio/EnsEMBL/DBSQL/TranscriptAdaptor.pm line 1861.
Use of uninitialized value $xref_display_label in substitution (s///) at /home/wangming/Documents/Ensembl_API/ensembl/modules/Bio/EnsEMBL/DBSQL/TranscriptAdaptor.pm line 1861.
Use of uninitialized value $xref_display_label in substitution (s///) at /home/wangming/Documents/Ensembl_API/ensembl/modules/Bio/EnsEMBL/DBSQL/TranscriptAdaptor.pm line 1861.
Use of uninitialized value $xref_display_label in substitution (s///) at /home/wangming/Documents/Ensembl_API/ensembl/modules/Bio/EnsEMBL/DBSQL/TranscriptAdaptor.pm line 1861.
Use of uninitialized value $xref_display_label in substitution (s///) at /home/wangming/Documents/Ensembl_API/ensembl/modules/Bio/EnsEMBL/DBSQL/TranscriptAdaptor.pm line 1861.
Use of uninitialized value $xref_display_label in substitution (s///) at /home/wangming/Documents/Ensembl_API/ensembl/modules/Bio/EnsEMBL/DBSQL/TranscriptAdaptor.pm line 1861.
Use of uninitialized value $xref_display_label in substitution (s///) at /home/wangming/Documents/Ensembl_API/ensembl/modules/Bio/EnsEMBL/DBSQL/TranscriptAdaptor.pm line 1861.
Use of uninitialized value $xref_display_label in substitution (s///) at /home/wangming/Documents/Ensembl_API/ensembl/modules/Bio/EnsEMBL/DBSQL/TranscriptAdaptor.pm line 1861.
Use of uninitialized value $xref_display_label in substitution (s///) at /home/wangming/Documents/Ensembl_API/ensembl/modules/Bio/EnsEMBL/DBSQL/TranscriptAdaptor.pm line 1861.
Use of uninitialized value $xref_display_label in substitution (s///) at /home/wangming/Documents/Ensembl_API/ensembl/modules/Bio/EnsEMBL/DBSQL/TranscriptAdaptor.pm line 1861.
Use of uninitialized value $xref_display_label in substitution (s///) at /home/wangming/Documents/Ensembl_API/ensembl/modules/Bio/EnsEMBL/DBSQL/TranscriptAdaptor.pm line 1861.
Use of uninitialized value $xref_display_label in substitution (s///) at /home/wangming/Documents/Ensembl_API/ensembl/modules/Bio/EnsEMBL/DBSQL/TranscriptAdaptor.pm line 1861.
Use of uninitialized value $xref_display_label in substitution (s///) at /home/wangming/Documents/Ensembl_API/ensembl/modules/Bio/EnsEMBL/DBSQL/TranscriptAdaptor.pm line 1861.
Use of uninitialized value $xref_display_label in substitution (s///) at /home/wangming/Documents/Ensembl_API/ensembl/modules/Bio/EnsEMBL/DBSQL/TranscriptAdaptor.pm line 1861.
Use of uninitialized value $xref_display_label in substitution (s///) at /home/wangming/Documents/Ensembl_API/ensembl/modules/Bio/EnsEMBL/DBSQL/TranscriptAdaptor.pm line 1861.
Use of uninitialized value $xref_display_label in substitution (s///) at /home/wangming/Documents/Ensembl_API/ensembl/modules/Bio/EnsEMBL/DBSQL/TranscriptAdaptor.pm line 1861.
Use of uninitialized value $xref_display_label in substitution (s///) at /home/wangming/Documents/Ensembl_API/ensembl/modules/Bio/EnsEMBL/DBSQL/TranscriptAdaptor.pm line 1861.
Use of uninitialized value $xref_display_label in substitution (s///) at /home/wangming/Documents/Ensembl_API/ensembl/modules/Bio/EnsEMBL/DBSQL/TranscriptAdaptor.pm line 1861.
Use of uninitialized value $xref_display_label in substitution (s///) at /home/wangming/Documents/Ensembl_API/ensembl/modules/Bio/EnsEMBL/DBSQL/TranscriptAdaptor.pm line 1861.
Use of uninitialized value $xref_display_label in substitution (s///) at /home/wangming/Documents/Ensembl_API/ensembl/modules/Bio/EnsEMBL/DBSQL/TranscriptAdaptor.pm line 1861.
Use of uninitialized value $xref_display_label in substitution (s///) at /home/wangming/Documents/Ensembl_API/ensembl/modules/Bio/EnsEMBL/DBSQL/TranscriptAdaptor.pm line 1861.
Use of uninitialized value $xref_display_label in substitution (s///) at /home/wangming/Documents/Ensembl_API/ensembl/modules/Bio/EnsEMBL/DBSQL/TranscriptAdaptor.pm line 1861.
Use of uninitialized value $xref_display_label in substitution (s///) at /home/wangming/Documents/Ensembl_API/ensembl/modules/Bio/EnsEMBL/DBSQL/TranscriptAdaptor.pm line 1861.
Use of uninitialized value $xref_display_label in substitution (s///) at /home/wangming/Documents/Ensembl_API/ensembl/modules/Bio/EnsEMBL/DBSQL/TranscriptAdaptor.pm line 1861.
Use of uninitialized value $xref_display_label in substitution (s///) at /home/wangming/Documents/Ensembl_API/ensembl/modules/Bio/EnsEMBL/DBSQL/TranscriptAdaptor.pm line 1861.
Use of uninitialized value $xref_display_label in substitution (s///) at /home/wangming/Documents/Ensembl_API/ensembl/modules/Bio/EnsEMBL/DBSQL/TranscriptAdaptor.pm line 1861.
Use of uninitialized value $xref_display_label in substitution (s///) at /home/wangming/Documents/Ensembl_API/ensembl/modules/Bio/EnsEMBL/DBSQL/TranscriptAdaptor.pm line 1861.
Use of uninitialized value $xref_display_label in substitution (s///) at /home/wangming/Documents/Ensembl_API/ensembl/modules/Bio/EnsEMBL/DBSQL/TranscriptAdaptor.pm line 1861.
Use of uninitialized value $xref_display_label in substitution (s///) at /home/wangming/Documents/Ensembl_API/ensembl/modules/Bio/EnsEMBL/DBSQL/TranscriptAdaptor.pm line 1861.
Use of uninitialized value $xref_display_label in substitution (s///) at /home/wangming/Documents/Ensembl_API/ensembl/modules/Bio/EnsEMBL/DBSQL/TranscriptAdaptor.pm line 1861.
Use of uninitialized value $xref_display_label in substitution (s///) at /home/wangming/Documents/Ensembl_API/ensembl/modules/Bio/EnsEMBL/DBSQL/TranscriptAdaptor.pm line 1861.
Use of uninitialized value $xref_display_label in substitution (s///) at /home/wangming/Documents/Ensembl_API/ensembl/modules/Bio/EnsEMBL/DBSQL/TranscriptAdaptor.pm line 1861.
Use of uninitialized value $xref_display_label in substitution (s///) at /home/wangming/Documents/Ensembl_API/ensembl/modules/Bio/EnsEMBL/DBSQL/TranscriptAdaptor.pm line 1861.
Use of uninitialized value $xref_display_label in substitution (s///) at /home/wangming/Documents/Ensembl_API/ensembl/modules/Bio/EnsEMBL/DBSQL/TranscriptAdaptor.pm line 1861.
Use of uninitialized value $xref_display_label in substitution (s///) at /home/wangming/Documents/Ensembl_API/ensembl/modules/Bio/EnsEMBL/DBSQL/TranscriptAdaptor.pm line 1861.
Use of uninitialized value $xref_display_label in substitution (s///) at /home/wangming/Documents/Ensembl_API/ensembl/modules/Bio/EnsEMBL/DBSQL/TranscriptAdaptor.pm line 1861.
Use of uninitialized value $xref_display_label in substitution (s///) at /home/wangming/Documents/Ensembl_API/ensembl/modules/Bio/EnsEMBL/DBSQL/TranscriptAdaptor.pm line 1861.
Use of uninitialized value $xref_display_label in substitution (s///) at /home/wangming/Documents/Ensembl_API/ensembl/modules/Bio/EnsEMBL/DBSQL/TranscriptAdaptor.pm line 1861.
Use of uninitialized value $xref_display_label in substitution (s///) at /home/wangming/Documents/Ensembl_API/ensembl/modules/Bio/EnsEMBL/DBSQL/TranscriptAdaptor.pm line 1861.
Use of uninitialized value $xref_display_label in substitution (s///) at /home/wangming/Documents/Ensembl_API/ensembl/modules/Bio/EnsEMBL/DBSQL/TranscriptAdaptor.pm line 1861.
Use of uninitialized value $xref_display_label in substitution (s///) at /home/wangming/Documents/Ensembl_API/ensembl/modules/Bio/EnsEMBL/DBSQL/TranscriptAdaptor.pm line 1861.
Use of uninitialized value $xref_display_label in substitution (s///) at /home/wangming/Documents/Ensembl_API/ensembl/modules/Bio/EnsEMBL/DBSQL/TranscriptAdaptor.pm line 1861.
Use of uninitialized value $xref_display_label in substitution (s///) at /home/wangming/Documents/Ensembl_API/ensembl/modules/Bio/EnsEMBL/DBSQL/TranscriptAdaptor.pm line 1861.
Use of uninitialized value $xref_display_label in substitution (s///) at /home/wangming/Documents/Ensembl_API/ensembl/modules/Bio/EnsEMBL/DBSQL/TranscriptAdaptor.pm line 1861.
Use of uninitialized value $xref_display_label in substitution (s///) at /home/wangming/Documents/Ensembl_API/ensembl/modules/Bio/EnsEMBL/DBSQL/TranscriptAdaptor.pm line 1861.
Write family: MF_00395 to >MF_00395.fa
Write sequence of AFY62624
Write sequence of AFY27829
Write sequence of AFY70503
Write sequence of AFZ34080
Write sequence of AFZ43266
Write sequence of AFZ31506
Write sequence of ABM70087
Write sequence of AFZ47338
Write sequence of EAU73770
Write sequence of EAR18751
Write sequence of ADI62827
Write sequence of EAW46120
Write sequence of BAK48896
Write sequence of AFZ25857
Write sequence of ACK69490
Write sequence of ABB49808
Write sequence of AII45193
Write sequence of ACV01322
Write sequence of EAQ74585
Write sequence of CAK28310
Write sequence of AFW94167
Write sequence of AFZ58208
Write sequence of EAQ69237
Write sequence of ABO17423
Write sequence of AFY40149
Write sequence of CAE20848
Write sequence of EDY37231
Write sequence of BAI88097
Write sequence of ABX08772
Write sequence of ADB95873
Write sequence of ABB26020
Write sequence of AHB89381
Write sequence of BAL31065
Write sequence of ABI45106
Write sequence of CAE19199
Write sequence of ABM75520
Write sequence of CAK23637
Write sequence of EPF19253
Write sequence of BAD79234
Write sequence of AFZ50575
Write sequence of AAP99962
Write sequence of AFY32132
Write sequence of AII43373
Write sequence of AFY75291
Write sequence of BAC91641
Write sequence of ABW31343
Write sequence of EAU71656
Write sequence of ACC80284
Write sequence of AFY90140
Write sequence of AFZ14362
Write sequence of CAE07818
Write sequence of ABD00878
Write sequence of ABB35197
Write sequence of BAB75962
Write sequence of BAG02432
Write sequence of AAZ57782
Write sequence of BAL34234
Write sequence of BAA16724
Write sequence of AFY94205
Write sequence of BAC08379
Write sequence of AFY52798
Write sequence of AII49324
Write sequence of EKQ71108
Write sequence of AHF63601
Write sequence of AFY79726
Write sequence of AGF50413
Write sequence of EEE40514
Write sequence of ABM78295
Write sequence of EAZ89535
Write sequence of ELS01523
Write sequence of BAM50428
Write sequence of AFZ00284
Write sequence of AFZ54161
Write sequence of EKV01700
Write sequence of AFY85155
Write sequence of ACK66406
Write sequence of BAL27895
Write sequence of ACB53794
Write sequence of ACL45989
